Determining if the pthread_create exist failed with the following output:
Change Dir: /home/shixing/charmworks/test/Kripke/build/CMakeFiles/CMakeTmp

Run Build Command:"/usr/bin/make" "cmTC_b3a0f/fast"
/usr/bin/make -f CMakeFiles/cmTC_b3a0f.dir/build.make CMakeFiles/cmTC_b3a0f.dir/build
make[1]: Entering directory '/home/shixing/charmworks/test/Kripke/build/CMakeFiles/CMakeTmp'
Building CXX object CMakeFiles/cmTC_b3a0f.dir/CheckSymbolExists.cxx.o
/usr/bin/c++     -o CMakeFiles/cmTC_b3a0f.dir/CheckSymbolExists.cxx.o -c /home/shixing/charmworks/test/Kripke/build/CMakeFiles/CMakeTmp/CheckSymbolExists.cxx
Linking CXX executable cmTC_b3a0f
/usr/bin/cmake -E cmake_link_script CMakeFiles/cmTC_b3a0f.dir/link.txt --verbose=1
/usr/bin/c++       CMakeFiles/cmTC_b3a0f.dir/CheckSymbolExists.cxx.o  -o cmTC_b3a0f 
CMakeFiles/cmTC_b3a0f.dir/CheckSymbolExists.cxx.o: In function `main':
CheckSymbolExists.cxx:(.text+0x1b): undefined reference to `pthread_create'
collect2: error: ld returned 1 exit status
CMakeFiles/cmTC_b3a0f.dir/build.make:97: recipe for target 'cmTC_b3a0f' failed
make[1]: *** [cmTC_b3a0f] Error 1
make[1]: Leaving directory '/home/shixing/charmworks/test/Kripke/build/CMakeFiles/CMakeTmp'
Makefile:126: recipe for target 'cmTC_b3a0f/fast' failed
make: *** [cmTC_b3a0f/fast] Error 2

File /home/shixing/charmworks/test/Kripke/build/CMakeFiles/CMakeTmp/CheckSymbolExists.cxx:
/* */
#include <pthread.h>

int main(int argc, char** argv)
{
  (void)argv;
#ifndef pthread_create
  return ((int*)(&pthread_create))[argc];
#else
  (void)argc;
  return 0;
#endif
}

Determining if the function pthread_create exists in the pthreads failed with the following output:
Change Dir: /home/shixing/charmworks/test/Kripke/build/CMakeFiles/CMakeTmp

Run Build Command:"/usr/bin/make" "cmTC_558a1/fast"
/usr/bin/make -f CMakeFiles/cmTC_558a1.dir/build.make CMakeFiles/cmTC_558a1.dir/build
make[1]: Entering directory '/home/shixing/charmworks/test/Kripke/build/CMakeFiles/CMakeTmp'
Building CXX object CMakeFiles/cmTC_558a1.dir/CheckFunctionExists.cxx.o
/usr/bin/c++    -DCHECK_FUNCTION_EXISTS=pthread_create   -o CMakeFiles/cmTC_558a1.dir/CheckFunctionExists.cxx.o -c /home/shixing/charmworks/test/Kripke/build/CMakeFiles/CheckLibraryExists/CheckFunctionExists.cxx
Linking CXX executable cmTC_558a1
/usr/bin/cmake -E cmake_link_script CMakeFiles/cmTC_558a1.dir/link.txt --verbose=1
/usr/bin/c++   -DCHECK_FUNCTION_EXISTS=pthread_create    CMakeFiles/cmTC_558a1.dir/CheckFunctionExists.cxx.o  -o cmTC_558a1 -lpthreads 
/usr/bin/ld: cannot find -lpthreads
collect2: error: ld returned 1 exit status
CMakeFiles/cmTC_558a1.dir/build.make:97: recipe for target 'cmTC_558a1' failed
make[1]: *** [cmTC_558a1] Error 1
make[1]: Leaving directory '/home/shixing/charmworks/test/Kripke/build/CMakeFiles/CMakeTmp'
Makefile:126: recipe for target 'cmTC_558a1/fast' failed
make: *** [cmTC_558a1/fast] Error 2


Determining if the function _mm_malloc exists failed with the following output:
Change Dir: /home/shixing/charmworks/test/Kripke/build/CMakeFiles/CMakeTmp

Run Build Command:"/usr/bin/make" "cmTC_4b974/fast"
/usr/bin/make -f CMakeFiles/cmTC_4b974.dir/build.make CMakeFiles/cmTC_4b974.dir/build
make[1]: Entering directory '/home/shixing/charmworks/test/Kripke/build/CMakeFiles/CMakeTmp'
Building C object CMakeFiles/cmTC_4b974.dir/CheckFunctionExists.c.o
/usr/bin/cc   -DCHECK_FUNCTION_EXISTS=_mm_malloc -fPIE   -o CMakeFiles/cmTC_4b974.dir/CheckFunctionExists.c.o   -c /usr/share/cmake-3.10/Modules/CheckFunctionExists.c
Linking C executable cmTC_4b974
/usr/bin/cmake -E cmake_link_script CMakeFiles/cmTC_4b974.dir/link.txt --verbose=1
/usr/bin/cc  -DCHECK_FUNCTION_EXISTS=_mm_malloc    -rdynamic CMakeFiles/cmTC_4b974.dir/CheckFunctionExists.c.o  -o cmTC_4b974 
CMakeFiles/cmTC_4b974.dir/CheckFunctionExists.c.o: In function `main':
CheckFunctionExists.c:(.text+0x10): undefined reference to `_mm_malloc'
collect2: error: ld returned 1 exit status
CMakeFiles/cmTC_4b974.dir/build.make:97: recipe for target 'cmTC_4b974' failed
make[1]: *** [cmTC_4b974] Error 1
make[1]: Leaving directory '/home/shixing/charmworks/test/Kripke/build/CMakeFiles/CMakeTmp'
Makefile:126: recipe for target 'cmTC_4b974/fast' failed
make: *** [cmTC_4b974/fast] Error 2


